[16:55:39.103][INFO][CraftTweaker-EarlyInit]: CraftTweaker is running on a Minecraft 1.20.1 production server modded with platform Forge
[16:55:39.111][INFO][CraftTweaker-EarlyInit]: Successfully injected RecipeFS file system
[16:55:39.181][INFO][CraftTweaker-Plugins]: Successfully identified and loaded plugin crafttweaker:builtin
[16:55:39.182][INFO][CraftTweaker-Plugins]: Successfully identified and loaded plugin crafttweaker:builtin_forge
[16:55:39.184][INFO][CraftTweaker-Plugins]: Successfully identified and loaded plugin farmersdelight:crafttweaker_plugin
[16:55:40.451][INFO][CraftTweaker]: The following mods have explicit CraftTweaker support through the default plugin:
[16:55:40.460][INFO][CraftTweaker]: - 'crafttweaker' at version '14.0.27'
[16:55:40.460][INFO][CraftTweaker]: - 'farmersdelight' at version '1.20.1-1.2.3'
[16:55:48.838][INFO][CraftTweaker-ZenCode]: Started loading scripts for loader 'initialize'
[16:55:49.797][INFO][CraftTweaker-ZenCode]: Compiling and executing scripts
[16:55:49.831][INFO][CraftTweaker-ZenCode]: Successfully initialized modules [crafttweaker, expansions]
[16:55:49.915][INFO][CraftTweaker-ZenCode]: Execution for loader 'initialize' completed successfully
[16:56:06.363][INFO][CraftTweaker-ZenCode]: Started loading scripts for loader 'tags'
[16:56:06.425][INFO][CraftTweaker-ZenCode]: Compiling and executing scripts
[16:56:06.464][INFO][CraftTweaker-ZenCode]: Successfully initialized modules [crafttweaker, expansions]
[16:56:06.494][INFO][CraftTweaker-ZenCode]: Execution for loader 'tags' completed successfully
[16:56:08.095][INFO][CraftTweaker]: crafttweaker.reload.start
[16:56:08.097][INFO][CraftTweaker-ZenCode]: Started loading scripts for loader 'crafttweaker'
[16:56:08.124][INFO][CraftTweaker-ZenCode]: Compiling and executing scripts
[16:56:08.593][INFO][CraftTweaker-ZenCode]: Successfully initialized modules [mods, crafttweaker, expansions]
[16:56:08.608][INFO][CraftTweaker-ZenCode]: Execution for loader 'crafttweaker' completed successfully
[16:56:08.609][INFO][CraftTweaker]: crafttweaker.reload.complete
